{
"contracts/Airdrop.sol":{"l":{"65":7,"66":6,"67":5,"68":4,"70":3,"71":3,"72":3,"73":3,"86":10,"88":9,"89":9,"90":16,"92":15,"93":15,"94":15,"98":8,"105":7,"106":6,"108":5,"109":5,"112":4,"115":4,"118":4,"119":4,"122":3,"125":3,"128":3,"137":1},"path":"/Users/Mac/Projects/Nodejs/LamboLlama/Contracts/contracts/Airdrop.sol","s":{"1":7,"2":6,"3":5,"4":4,"5":3,"6":10,"7":9,"8":9,"9":16,"10":7,"11":6,"12":5,"13":5,"14":4,"15":4,"16":4,"17":4,"18":3,"19":3,"20":1},"b":{"1":[1,6],"2":[1,5],"3":[1,4],"4":[1,3],"5":[10,1],"6":[1,9],"7":[1,15],"8":[1,6],"9":[1,5],"10":[1,4],"11":[1,3],"12":[1,1]},"f":{"1":7,"2":10,"3":7,"4":1},"fnMap":{"1":{"name":"constructor","line":64,"loc":{"start":{"line":59,"column":4},"end":{"line":74,"column":4}}},"2":{"name":"setRecipients","line":85,"loc":{"start":{"line":82,"column":4},"end":{"line":99,"column":4}}},"3":{"name":"claim","line":104,"loc":{"start":{"line":104,"column":4},"end":{"line":129,"column":4}}},"4":{"name":"withdraw","line":136,"loc":{"start":{"line":136,"column":4},"end":{"line":138,"column":4}}}},"statementMap":{"1":{"start":{"line":65,"column":8},"end":{"line":65,"column":68}},"2":{"start":{"line":66,"column":8},"end":{"line":66,"column":59}},"3":{"start":{"line":67,"column":8},"end":{"line":67,"column":78}},"4":{"start":{"line":68,"column":8},"end":{"line":68,"column":78}},"5":{"start":{"line":73,"column":8},"end":{"line":73,"column":33}},"6":{"start":{"line":86,"column":8},"end":{"line":86,"column":86}},"7":{"start":{"line":88,"column":8},"end":{"line":88,"column":36}},"8":{"start":{"line":89,"column":8},"end":{"line":89,"column":4465}},"9":{"start":{"line":90,"column":12},"end":{"line":90,"column":82}},"10":{"start":{"line":105,"column":8},"end":{"line":105,"column":72}},"11":{"start":{"line":106,"column":8},"end":{"line":106,"column":66}},"12":{"start":{"line":108,"column":8},"end":{"line":108,"column":66}},"13":{"start":{"line":109,"column":8},"end":{"line":109,"column":62}},"14":{"start":{"line":112,"column":8},"end":{"line":112,"column":63}},"15":{"start":{"line":115,"column":8},"end":{"line":115,"column":83}},"16":{"start":{"line":118,"column":8},"end":{"line":118,"column":71}},"17":{"start":{"line":119,"column":8},"end":{"line":119,"column":60}},"18":{"start":{"line":125,"column":8},"end":{"line":125,"column":47}},"19":{"start":{"line":128,"column":8},"end":{"line":128,"column":49}},"20":{"start":{"line":137,"column":8},"end":{"line":137,"column":51}}},"branchMap":{"1":{"line":65,"type":"if","locations":[{"start":{"line":65,"column":8},"end":{"line":65,"column":8}},{"start":{"line":65,"column":8},"end":{"line":65,"column":8}}]},"2":{"line":66,"type":"if","locations":[{"start":{"line":66,"column":8},"end":{"line":66,"column":8}},{"start":{"line":66,"column":8},"end":{"line":66,"column":8}}]},"3":{"line":67,"type":"if","locations":[{"start":{"line":67,"column":8},"end":{"line":67,"column":8}},{"start":{"line":67,"column":8},"end":{"line":67,"column":8}}]},"4":{"line":68,"type":"if","locations":[{"start":{"line":68,"column":8},"end":{"line":68,"column":8}},{"start":{"line":68,"column":8},"end":{"line":68,"column":8}}]},"5":{"line":85,"type":"if","locations":[{"start":{"line":85,"column":15},"end":{"line":85,"column":15}},{"start":{"line":85,"column":15},"end":{"line":85,"column":15}}]},"6":{"line":86,"type":"if","locations":[{"start":{"line":86,"column":8},"end":{"line":86,"column":8}},{"start":{"line":86,"column":8},"end":{"line":86,"column":8}}]},"7":{"line":90,"type":"if","locations":[{"start":{"line":90,"column":12},"end":{"line":90,"column":12}},{"start":{"line":90,"column":12},"end":{"line":90,"column":12}}]},"8":{"line":105,"type":"if","locations":[{"start":{"line":105,"column":8},"end":{"line":105,"column":8}},{"start":{"line":105,"column":8},"end":{"line":105,"column":8}}]},"9":{"line":106,"type":"if","locations":[{"start":{"line":106,"column":8},"end":{"line":106,"column":8}},{"start":{"line":106,"column":8},"end":{"line":106,"column":8}}]},"10":{"line":109,"type":"if","locations":[{"start":{"line":109,"column":8},"end":{"line":109,"column":8}},{"start":{"line":109,"column":8},"end":{"line":109,"column":8}}]},"11":{"line":119,"type":"if","locations":[{"start":{"line":119,"column":8},"end":{"line":119,"column":8}},{"start":{"line":119,"column":8},"end":{"line":119,"column":8}}]},"12":{"line":136,"type":"if","locations":[{"start":{"line":136,"column":63},"end":{"line":136,"column":63}},{"start":{"line":136,"column":63},"end":{"line":136,"column":63}}]}}},
"contracts/AirdropZerion.sol":{"l":{"21":7,"22":1,"25":6,"26":6,"31":1,"35":6,"36":1,"39":5,"40":1,"43":4,"46":4,"48":4,"56":5,"57":5},"path":"/Users/Mac/Projects/Nodejs/LamboLlama/Contracts/contracts/AirdropZerion.sol","s":{"1":7,"2":6,"3":5,"4":4,"5":4,"6":5,"7":5},"b":{"1":[1,6],"2":[1,1],"3":[1,5],"4":[1,4]},"f":{"1":7,"2":1,"3":6,"4":5},"fnMap":{"1":{"name":"constructor","line":20,"loc":{"start":{"line":20,"column":4},"end":{"line":27,"column":4}}},"2":{"name":"setMerkleRoot","line":30,"loc":{"start":{"line":30,"column":4},"end":{"line":32,"column":4}}},"3":{"name":"claim","line":34,"loc":{"start":{"line":34,"column":4},"end":{"line":49,"column":4}}},"4":{"name":"verify","line":51,"loc":{"start":{"line":51,"column":4},"end":{"line":58,"column":4}}}},"statementMap":{"1":{"start":{"line":21,"column":8},"end":{"line":21,"column":668}},"2":{"start":{"line":35,"column":8},"end":{"line":35,"column":1069}},"3":{"start":{"line":39,"column":8},"end":{"line":39,"column":1152}},"4":{"start":{"line":46,"column":8},"end":{"line":46,"column":56}},"5":{"start":{"line":48,"column":8},"end":{"line":48,"column":40}},"6":{"start":{"line":56,"column":8},"end":{"line":56,"column":68}},"7":{"start":{"line":57,"column":8},"end":{"line":57,"column":58}}},"branchMap":{"1":{"line":21,"type":"if","locations":[{"start":{"line":21,"column":8},"end":{"line":21,"column":8}},{"start":{"line":21,"column":8},"end":{"line":21,"column":8}}]},"2":{"line":30,"type":"if","locations":[{"start":{"line":30,"column":57},"end":{"line":30,"column":57}},{"start":{"line":30,"column":57},"end":{"line":30,"column":57}}]},"3":{"line":35,"type":"if","locations":[{"start":{"line":35,"column":8},"end":{"line":35,"column":8}},{"start":{"line":35,"column":8},"end":{"line":35,"column":8}}]},"4":{"line":39,"type":"if","locations":[{"start":{"line":39,"column":8},"end":{"line":39,"column":8}},{"start":{"line":39,"column":8},"end":{"line":39,"column":8}}]}}},
"contracts/LamboLlama.sol":{"l":{"14":6,"15":6,"16":3},"path":"/Users/Mac/Projects/Nodejs/LamboLlama/Contracts/contracts/LamboLlama.sol","s":{"1":6,"2":6,"3":3},"b":{"1":[3,3]},"f":{"1":6},"fnMap":{"1":{"name":"constructor","line":13,"loc":{"start":{"line":8,"column":4},"end":{"line":18,"column":4}}}},"statementMap":{"1":{"start":{"line":14,"column":8},"end":{"line":14,"column":36}},"2":{"start":{"line":15,"column":8},"end":{"line":15,"column":541}},"3":{"start":{"line":16,"column":12},"end":{"line":16,"column":36}}},"branchMap":{"1":{"line":15,"type":"if","locations":[{"start":{"line":15,"column":8},"end":{"line":15,"column":8}},{"start":{"line":15,"column":8},"end":{"line":15,"column":8}}]}}},
"contracts/Presale.sol":{"l":{"113":25,"114":24,"141":137,"144":136,"145":135,"146":134,"147":133,"150":132,"151":132,"153":132,"154":132,"156":132,"157":132,"159":132,"160":132,"162":132,"163":132,"166":132,"172":132,"179":44,"180":43,"181":43,"182":43,"192":16,"193":16,"196":16,"204":82,"205":1,"209":81,"210":5,"214":76,"215":14,"216":2,"220":74,"221":74,"224":74,"225":222,"227":116,"230":106,"231":106,"234":106,"236":106,"237":106,"238":106,"242":74,"243":26,"244":26,"247":74,"250":74,"251":74,"252":74,"255":74,"256":72,"257":1,"260":71,"267":24,"268":24,"272":22,"274":16,"277":16,"279":16,"281":16,"285":22,"287":22,"289":14,"291":14,"293":14,"295":10,"297":10,"299":10,"310":14,"312":14,"314":10,"316":4,"317":4,"320":4,"329":28},"path":"/Users/Mac/Projects/Nodejs/LamboLlama/Contracts/contracts/Presale.sol","s":{"1":25,"2":137,"3":136,"4":135,"5":134,"6":133,"7":44,"8":43,"9":43,"10":16,"11":16,"12":16,"13":82,"14":81,"15":76,"16":14,"17":74,"18":74,"19":74,"20":222,"21":106,"22":106,"23":106,"24":74,"25":74,"26":74,"27":72,"28":71,"29":24,"30":24,"31":22,"32":16,"33":16,"34":16,"35":22,"36":22,"37":14,"38":14,"39":14,"40":10,"41":10,"42":14,"43":14,"44":10,"45":4,"46":4,"47":4},"b":{"1":[1,24],"2":[1,136],"3":[1,135],"4":[1,134],"5":[1,133],"6":[1,132],"7":[44,1],"8":[1,43],"9":[82,0],"10":[1,81],"11":[5,76],"12":[2,3],"13":[14,62],"14":[2,12],"15":[1,1],"16":[116,106],"17":[55,61],"18":[48,58],"19":[26,48],"20":[1,71],"21":[24,1],"22":[24,0],"23":[2,22],"24":[16,6],"25":[14,8],"26":[10,4],"27":[10,4]},"f":{"1":25,"2":137,"3":44,"4":16,"5":82,"6":24,"7":14},"fnMap":{"1":{"name":"afterClaimStart","line":112,"loc":{"start":{"line":112,"column":4},"end":{"line":115,"column":4}}},"2":{"name":"constructor","line":129,"loc":{"start":{"line":129,"column":4},"end":{"line":173,"column":4}}},"3":{"name":"depositTokens","line":178,"loc":{"start":{"line":178,"column":4},"end":{"line":183,"column":4}}},"4":{"name":"isWhitelisted","line":190,"loc":{"start":{"line":190,"column":4},"end":{"line":197,"column":4}}},"5":{"name":"contribute","line":203,"loc":{"start":{"line":203,"column":4},"end":{"line":261,"column":4}}},"6":{"name":"claim","line":266,"loc":{"start":{"line":266,"column":4},"end":{"line":302,"column":4}}},"7":{"name":"_vestedBonusTokens","line":309,"loc":{"start":{"line":309,"column":4},"end":{"line":322,"column":4}}}},"statementMap":{"1":{"start":{"line":113,"column":8},"end":{"line":113,"column":84}},"2":{"start":{"line":141,"column":8},"end":{"line":141,"column":70}},"3":{"start":{"line":144,"column":8},"end":{"line":144,"column":83}},"4":{"start":{"line":145,"column":8},"end":{"line":145,"column":87}},"5":{"start":{"line":146,"column":8},"end":{"line":146,"column":89}},"6":{"start":{"line":147,"column":8},"end":{"line":147,"column":93}},"7":{"start":{"line":179,"column":8},"end":{"line":179,"column":54}},"8":{"start":{"line":180,"column":8},"end":{"line":180,"column":67}},"9":{"start":{"line":182,"column":8},"end":{"line":182,"column":43}},"10":{"start":{"line":192,"column":8},"end":{"line":192,"column":69}},"11":{"start":{"line":193,"column":8},"end":{"line":193,"column":80}},"12":{"start":{"line":196,"column":8},"end":{"line":196,"column":80}},"13":{"start":{"line":204,"column":8},"end":{"line":204,"column":9139}},"14":{"start":{"line":209,"column":8},"end":{"line":209,"column":9311}},"15":{"start":{"line":214,"column":8},"end":{"line":214,"column":9518}},"16":{"start":{"line":215,"column":12},"end":{"line":215,"column":9577}},"17":{"start":{"line":220,"column":8},"end":{"line":220,"column":44}},"18":{"start":{"line":221,"column":8},"end":{"line":221,"column":35}},"19":{"start":{"line":224,"column":8},"end":{"line":224,"column":9919}},"20":{"start":{"line":225,"column":12},"end":{"line":225,"column":9990}},"21":{"start":{"line":230,"column":12},"end":{"line":230,"column":67}},"22":{"start":{"line":231,"column":12},"end":{"line":231,"column":10285}},"23":{"start":{"line":234,"column":12},"end":{"line":234,"column":95}},"24":{"start":{"line":242,"column":8},"end":{"line":242,"column":10915}},"25":{"start":{"line":250,"column":8},"end":{"line":250,"column":73}},"26":{"start":{"line":255,"column":8},"end":{"line":255,"column":68}},"27":{"start":{"line":256,"column":8},"end":{"line":256,"column":11622}},"28":{"start":{"line":260,"column":8},"end":{"line":260,"column":73}},"29":{"start":{"line":267,"column":8},"end":{"line":267,"column":73}},"30":{"start":{"line":268,"column":8},"end":{"line":268,"column":12090}},"31":{"start":{"line":272,"column":8},"end":{"line":272,"column":12285}},"32":{"start":{"line":274,"column":12},"end":{"line":274,"column":12427}},"33":{"start":{"line":279,"column":12},"end":{"line":279,"column":55}},"34":{"start":{"line":281,"column":12},"end":{"line":281,"column":60}},"35":{"start":{"line":285,"column":8},"end":{"line":285,"column":91}},"36":{"start":{"line":287,"column":8},"end":{"line":287,"column":12887}},"37":{"start":{"line":289,"column":12},"end":{"line":289,"column":69}},"38":{"start":{"line":291,"column":12},"end":{"line":291,"column":88}},"39":{"start":{"line":293,"column":12},"end":{"line":293,"column":13216}},"40":{"start":{"line":297,"column":16},"end":{"line":297,"column":58}},"41":{"start":{"line":299,"column":16},"end":{"line":299,"column":68}},"42":{"start":{"line":310,"column":8},"end":{"line":310,"column":88}},"43":{"start":{"line":312,"column":8},"end":{"line":312,"column":14006}},"44":{"start":{"line":314,"column":12},"end":{"line":314,"column":36}},"45":{"start":{"line":316,"column":12},"end":{"line":316,"column":83}},"46":{"start":{"line":317,"column":12},"end":{"line":317,"column":73}},"47":{"start":{"line":320,"column":12},"end":{"line":320,"column":70}}},"branchMap":{"1":{"line":113,"type":"if","locations":[{"start":{"line":113,"column":8},"end":{"line":113,"column":8}},{"start":{"line":113,"column":8},"end":{"line":113,"column":8}}]},"2":{"line":141,"type":"if","locations":[{"start":{"line":141,"column":8},"end":{"line":141,"column":8}},{"start":{"line":141,"column":8},"end":{"line":141,"column":8}}]},"3":{"line":144,"type":"if","locations":[{"start":{"line":144,"column":8},"end":{"line":144,"column":8}},{"start":{"line":144,"column":8},"end":{"line":144,"column":8}}]},"4":{"line":145,"type":"if","locations":[{"start":{"line":145,"column":8},"end":{"line":145,"column":8}},{"start":{"line":145,"column":8},"end":{"line":145,"column":8}}]},"5":{"line":146,"type":"if","locations":[{"start":{"line":146,"column":8},"end":{"line":146,"column":8}},{"start":{"line":146,"column":8},"end":{"line":146,"column":8}}]},"6":{"line":147,"type":"if","locations":[{"start":{"line":147,"column":8},"end":{"line":147,"column":8}},{"start":{"line":147,"column":8},"end":{"line":147,"column":8}}]},"7":{"line":178,"type":"if","locations":[{"start":{"line":178,"column":38},"end":{"line":178,"column":38}},{"start":{"line":178,"column":38},"end":{"line":178,"column":38}}]},"8":{"line":179,"type":"if","locations":[{"start":{"line":179,"column":8},"end":{"line":179,"column":8}},{"start":{"line":179,"column":8},"end":{"line":179,"column":8}}]},"9":{"line":203,"type":"if","locations":[{"start":{"line":203,"column":63},"end":{"line":203,"column":63}},{"start":{"line":203,"column":63},"end":{"line":203,"column":63}}]},"10":{"line":204,"type":"if","locations":[{"start":{"line":204,"column":8},"end":{"line":204,"column":8}},{"start":{"line":204,"column":8},"end":{"line":204,"column":8}}]},"11":{"line":209,"type":"if","locations":[{"start":{"line":209,"column":8},"end":{"line":209,"column":8}},{"start":{"line":209,"column":8},"end":{"line":209,"column":8}}]},"12":{"line":209,"type":"cond-expr","locations":[{"start":{"line":209,"column":12},"end":{"line":209,"column":47}},{"start":{"line":209,"column":52},"end":{"line":209,"column":89}}]},"13":{"line":214,"type":"if","locations":[{"start":{"line":214,"column":8},"end":{"line":214,"column":8}},{"start":{"line":214,"column":8},"end":{"line":214,"column":8}}]},"14":{"line":215,"type":"if","locations":[{"start":{"line":215,"column":12},"end":{"line":215,"column":12}},{"start":{"line":215,"column":12},"end":{"line":215,"column":12}}]},"15":{"line":215,"type":"cond-expr","locations":[{"start":{"line":215,"column":16},"end":{"line":215,"column":36}},{"start":{"line":215,"column":41},"end":{"line":215,"column":65}}]},"16":{"line":225,"type":"if","locations":[{"start":{"line":225,"column":12},"end":{"line":225,"column":12}},{"start":{"line":225,"column":12},"end":{"line":225,"column":12}}]},"17":{"line":225,"type":"cond-expr","locations":[{"start":{"line":225,"column":16},"end":{"line":225,"column":36}},{"start":{"line":225,"column":41},"end":{"line":225,"column":70}}]},"18":{"line":232,"type":"if","locations":[{"start":{"line":232,"column":18},"end":{"line":232,"column":33}},{"start":{"line":233,"column":18},"end":{"line":233,"column":32}}]},"19":{"line":242,"type":"if","locations":[{"start":{"line":242,"column":8},"end":{"line":242,"column":8}},{"start":{"line":242,"column":8},"end":{"line":242,"column":8}}]},"20":{"line":256,"type":"if","locations":[{"start":{"line":256,"column":8},"end":{"line":256,"column":8}},{"start":{"line":256,"column":8},"end":{"line":256,"column":8}}]},"21":{"line":266,"type":"if","locations":[{"start":{"line":266,"column":30},"end":{"line":266,"column":30}},{"start":{"line":266,"column":30},"end":{"line":266,"column":30}}]},"22":{"line":266,"type":"if","locations":[{"start":{"line":266,"column":46},"end":{"line":266,"column":46}},{"start":{"line":266,"column":46},"end":{"line":266,"column":46}}]},"23":{"line":268,"type":"if","locations":[{"start":{"line":268,"column":8},"end":{"line":268,"column":8}},{"start":{"line":268,"column":8},"end":{"line":268,"column":8}}]},"24":{"line":272,"type":"if","locations":[{"start":{"line":272,"column":8},"end":{"line":272,"column":8}},{"start":{"line":272,"column":8},"end":{"line":272,"column":8}}]},"25":{"line":287,"type":"if","locations":[{"start":{"line":287,"column":8},"end":{"line":287,"column":8}},{"start":{"line":287,"column":8},"end":{"line":287,"column":8}}]},"26":{"line":293,"type":"if","locations":[{"start":{"line":293,"column":12},"end":{"line":293,"column":12}},{"start":{"line":293,"column":12},"end":{"line":293,"column":12}}]},"27":{"line":312,"type":"if","locations":[{"start":{"line":312,"column":8},"end":{"line":312,"column":8}},{"start":{"line":312,"column":8},"end":{"line":312,"column":8}}]}}},
"contracts/Vesting.sol":{"l":{"49":79,"50":78,"55":24,"56":22,"63":4,"71":1,"79":2,"80":1,"97":21,"98":20,"99":19,"102":18,"115":14,"117":14,"119":13,"122":13,"123":4,"127":13,"128":13,"130":13,"133":12,"134":12,"137":12,"146":3,"148":3,"149":1,"152":2,"155":2,"156":1,"160":2,"163":2},"path":"/Users/Mac/Projects/Nodejs/LamboLlama/Contracts/contracts/Vesting.sol","s":{"1":79,"2":24,"3":1,"4":2,"5":1,"6":21,"7":20,"8":19,"9":14,"10":14,"11":13,"12":13,"13":13,"14":13,"15":13,"16":12,"17":12,"18":3,"19":3,"20":1,"21":2,"22":2,"23":2,"24":2},"b":{"1":[1,78],"2":[2,22],"3":[4,1],"4":[2,1],"5":[1,1],"6":[2,1],"7":[1,1],"8":[22,1],"9":[21,1],"10":[1,20],"11":[1,19],"12":[1,18],"13":[1,13],"14":[4,9],"15":[1,12],"16":[1,2],"17":[1,1]},"f":{"1":79,"2":24,"3":4,"4":1,"5":2,"6":21,"7":14,"8":3},"fnMap":{"1":{"name":"constructor","line":48,"loc":{"start":{"line":48,"column":4},"end":{"line":51,"column":4}}},"2":{"name":"onlyBeforeConfiguratedAndFixed","line":54,"loc":{"start":{"line":54,"column":4},"end":{"line":57,"column":4}}},"3":{"name":"fix","line":62,"loc":{"start":{"line":62,"column":4},"end":{"line":64,"column":4}}},"4":{"name":"withdraw","line":70,"loc":{"start":{"line":70,"column":4},"end":{"line":72,"column":4}}},"5":{"name":"withdrawStuckERC20","line":78,"loc":{"start":{"line":78,"column":4},"end":{"line":81,"column":4}}},"6":{"name":"setVestingSchedule","line":96,"loc":{"start":{"line":91,"column":4},"end":{"line":108,"column":4}}},"7":{"name":"claimTokens","line":114,"loc":{"start":{"line":114,"column":4},"end":{"line":138,"column":4}}},"8":{"name":"getClaimableAmount","line":145,"loc":{"start":{"line":145,"column":4},"end":{"line":164,"column":4}}}},"statementMap":{"1":{"start":{"line":49,"column":8},"end":{"line":49,"column":68}},"2":{"start":{"line":55,"column":8},"end":{"line":55,"column":56}},"3":{"start":{"line":71,"column":8},"end":{"line":71,"column":65}},"4":{"start":{"line":79,"column":8},"end":{"line":79,"column":86}},"5":{"start":{"line":80,"column":8},"end":{"line":80,"column":67}},"6":{"start":{"line":97,"column":8},"end":{"line":97,"column":71}},"7":{"start":{"line":98,"column":8},"end":{"line":98,"column":55}},"8":{"start":{"line":99,"column":8},"end":{"line":99,"column":49}},"9":{"start":{"line":115,"column":8},"end":{"line":115,"column":72}},"10":{"start":{"line":117,"column":8},"end":{"line":117,"column":74}},"11":{"start":{"line":119,"column":8},"end":{"line":119,"column":64}},"12":{"start":{"line":122,"column":8},"end":{"line":122,"column":5856}},"13":{"start":{"line":127,"column":8},"end":{"line":127,"column":91}},"14":{"start":{"line":128,"column":8},"end":{"line":128,"column":74}},"15":{"start":{"line":130,"column":8},"end":{"line":130,"column":59}},"16":{"start":{"line":134,"column":8},"end":{"line":134,"column":51}},"17":{"start":{"line":137,"column":8},"end":{"line":137,"column":56}},"18":{"start":{"line":146,"column":8},"end":{"line":146,"column":74}},"19":{"start":{"line":148,"column":8},"end":{"line":148,"column":7049}},"20":{"start":{"line":149,"column":12},"end":{"line":149,"column":20}},"21":{"start":{"line":152,"column":8},"end":{"line":152,"column":64}},"22":{"start":{"line":155,"column":8},"end":{"line":155,"column":7395}},"23":{"start":{"line":160,"column":8},"end":{"line":160,"column":91}},"24":{"start":{"line":163,"column":8},"end":{"line":163,"column":54}}},"branchMap":{"1":{"line":49,"type":"if","locations":[{"start":{"line":49,"column":8},"end":{"line":49,"column":8}},{"start":{"line":49,"column":8},"end":{"line":49,"column":8}}]},"2":{"line":55,"type":"if","locations":[{"start":{"line":55,"column":8},"end":{"line":55,"column":8}},{"start":{"line":55,"column":8},"end":{"line":55,"column":8}}]},"3":{"line":62,"type":"if","locations":[{"start":{"line":62,"column":28},"end":{"line":62,"column":28}},{"start":{"line":62,"column":28},"end":{"line":62,"column":28}}]},"4":{"line":70,"type":"if","locations":[{"start":{"line":70,"column":33},"end":{"line":70,"column":33}},{"start":{"line":70,"column":33},"end":{"line":70,"column":33}}]},"5":{"line":70,"type":"if","locations":[{"start":{"line":70,"column":43},"end":{"line":70,"column":43}},{"start":{"line":70,"column":43},"end":{"line":70,"column":43}}]},"6":{"line":78,"type":"if","locations":[{"start":{"line":78,"column":56},"end":{"line":78,"column":56}},{"start":{"line":78,"column":56},"end":{"line":78,"column":56}}]},"7":{"line":79,"type":"if","locations":[{"start":{"line":79,"column":8},"end":{"line":79,"column":8}},{"start":{"line":79,"column":8},"end":{"line":79,"column":8}}]},"8":{"line":96,"type":"if","locations":[{"start":{"line":96,"column":15},"end":{"line":96,"column":15}},{"start":{"line":96,"column":15},"end":{"line":96,"column":15}}]},"9":{"line":96,"type":"if","locations":[{"start":{"line":96,"column":25},"end":{"line":96,"column":25}},{"start":{"line":96,"column":25},"end":{"line":96,"column":25}}]},"10":{"line":97,"type":"if","locations":[{"start":{"line":97,"column":8},"end":{"line":97,"column":8}},{"start":{"line":97,"column":8},"end":{"line":97,"column":8}}]},"11":{"line":98,"type":"if","locations":[{"start":{"line":98,"column":8},"end":{"line":98,"column":8}},{"start":{"line":98,"column":8},"end":{"line":98,"column":8}}]},"12":{"line":99,"type":"if","locations":[{"start":{"line":99,"column":8},"end":{"line":99,"column":8}},{"start":{"line":99,"column":8},"end":{"line":99,"column":8}}]},"13":{"line":117,"type":"if","locations":[{"start":{"line":117,"column":8},"end":{"line":117,"column":8}},{"start":{"line":117,"column":8},"end":{"line":117,"column":8}}]},"14":{"line":122,"type":"if","locations":[{"start":{"line":122,"column":8},"end":{"line":122,"column":8}},{"start":{"line":122,"column":8},"end":{"line":122,"column":8}}]},"15":{"line":130,"type":"if","locations":[{"start":{"line":130,"column":8},"end":{"line":130,"column":8}},{"start":{"line":130,"column":8},"end":{"line":130,"column":8}}]},"16":{"line":148,"type":"if","locations":[{"start":{"line":148,"column":8},"end":{"line":148,"column":8}},{"start":{"line":148,"column":8},"end":{"line":148,"column":8}}]},"17":{"line":155,"type":"if","locations":[{"start":{"line":155,"column":8},"end":{"line":155,"column":8}},{"start":{"line":155,"column":8},"end":{"line":155,"column":8}}]}}}}
