{
    "contracts/Airdrop.sol": {
        "l": {
            "37": 7,
            "38": 6,
            "39": 5,
            "40": 4,
            "42": 3,
            "43": 3,
            "44": 3,
            "45": 3,
            "52": 10,
            "53": 9,
            "54": 9,
            "55": 16,
            "56": 15,
            "57": 15,
            "58": 15,
            "62": 8,
            "66": 7,
            "67": 6,
            "69": 5,
            "70": 5,
            "73": 4,
            "74": 4,
            "77": 4,
            "78": 4,
            "81": 3,
            "82": 3,
            "84": 3,
            "88": 1
        },
        "path": "/Users/Mac/Projects/Nodejs/LamboLlama/Contracts/contracts/Airdrop.sol",
        "s": {
            "1": 7,
            "2": 6,
            "3": 5,
            "4": 4,
            "5": 3,
            "6": 10,
            "7": 9,
            "8": 9,
            "9": 16,
            "10": 7,
            "11": 6,
            "12": 5,
            "13": 5,
            "14": 4,
            "15": 4,
            "16": 4,
            "17": 4,
            "18": 3,
            "19": 3,
            "20": 1
        },
        "b": {
            "1": [
                1,
                6
            ],
            "2": [
                1,
                5
            ],
            "3": [
                1,
                4
            ],
            "4": [
                1,
                3
            ],
            "5": [
                10,
                1
            ],
            "6": [
                1,
                9
            ],
            "7": [
                1,
                15
            ],
            "8": [
                1,
                6
            ],
            "9": [
                1,
                5
            ],
            "10": [
                1,
                4
            ],
            "11": [
                1,
                3
            ],
            "12": [
                1,
                1
            ]
        },
        "f": {
            "1": 7,
            "2": 10,
            "3": 7,
            "4": 1
        },
        "fnMap": {
            "1": {
                "name": "constructor",
                "line": 36,
                "loc": {
                    "start": {
                        "line": 31,
                        "column": 4
                    },
                    "end": {
                        "line": 46,
                        "column": 4
                    }
                }
            },
            "2": {
                "name": "setRecipients",
                "line": 51,
                "loc": {
                    "start": {
                        "line": 48,
                        "column": 4
                    },
                    "end": {
                        "line": 63,
                        "column": 4
                    }
                }
            },
            "3": {
                "name": "claim",
                "line": 65,
                "loc": {
                    "start": {
                        "line": 65,
                        "column": 4
                    },
                    "end": {
                        "line": 85,
                        "column": 4
                    }
                }
            },
            "4": {
                "name": "withdraw",
                "line": 87,
                "loc": {
                    "start": {
                        "line": 87,
                        "column": 4
                    },
                    "end": {
                        "line": 89,
                        "column": 4
                    }
                }
            }
        },
        "statementMap": {
            "1": {
                "start": {
                    "line": 37,
                    "column": 8
                },
                "end": {
                    "line": 37,
                    "column": 68
                }
            },
            "2": {
                "start": {
                    "line": 38,
                    "column": 8
                },
                "end": {
                    "line": 38,
                    "column": 59
                }
            },
            "3": {
                "start": {
                    "line": 39,
                    "column": 8
                },
                "end": {
                    "line": 39,
                    "column": 78
                }
            },
            "4": {
                "start": {
                    "line": 40,
                    "column": 8
                },
                "end": {
                    "line": 40,
                    "column": 78
                }
            },
            "5": {
                "start": {
                    "line": 45,
                    "column": 8
                },
                "end": {
                    "line": 45,
                    "column": 33
                }
            },
            "6": {
                "start": {
                    "line": 52,
                    "column": 8
                },
                "end": {
                    "line": 52,
                    "column": 86
                }
            },
            "7": {
                "start": {
                    "line": 53,
                    "column": 8
                },
                "end": {
                    "line": 53,
                    "column": 36
                }
            },
            "8": {
                "start": {
                    "line": 54,
                    "column": 8
                },
                "end": {
                    "line": 54,
                    "column": 1834
                }
            },
            "9": {
                "start": {
                    "line": 55,
                    "column": 12
                },
                "end": {
                    "line": 55,
                    "column": 82
                }
            },
            "10": {
                "start": {
                    "line": 66,
                    "column": 8
                },
                "end": {
                    "line": 66,
                    "column": 72
                }
            },
            "11": {
                "start": {
                    "line": 67,
                    "column": 8
                },
                "end": {
                    "line": 67,
                    "column": 66
                }
            },
            "12": {
                "start": {
                    "line": 69,
                    "column": 8
                },
                "end": {
                    "line": 69,
                    "column": 66
                }
            },
            "13": {
                "start": {
                    "line": 70,
                    "column": 8
                },
                "end": {
                    "line": 70,
                    "column": 62
                }
            },
            "14": {
                "start": {
                    "line": 73,
                    "column": 8
                },
                "end": {
                    "line": 73,
                    "column": 63
                }
            },
            "15": {
                "start": {
                    "line": 74,
                    "column": 8
                },
                "end": {
                    "line": 74,
                    "column": 83
                }
            },
            "16": {
                "start": {
                    "line": 77,
                    "column": 8
                },
                "end": {
                    "line": 77,
                    "column": 71
                }
            },
            "17": {
                "start": {
                    "line": 78,
                    "column": 8
                },
                "end": {
                    "line": 78,
                    "column": 60
                }
            },
            "18": {
                "start": {
                    "line": 82,
                    "column": 8
                },
                "end": {
                    "line": 82,
                    "column": 47
                }
            },
            "19": {
                "start": {
                    "line": 84,
                    "column": 8
                },
                "end": {
                    "line": 84,
                    "column": 49
                }
            },
            "20": {
                "start": {
                    "line": 88,
                    "column": 8
                },
                "end": {
                    "line": 88,
                    "column": 51
                }
            }
        },
        "branchMap": {
            "1": {
                "line": 37,
                "type": "if",
                "locations": [
                    {
                        "start": {
                            "line": 37,
                            "column": 8
                        },
                        "end": {
                            "line": 37,
                            "column": 8
                        }
                    },
                    {
                        "start": {
                            "line": 37,
                            "column": 8
                        },
                        "end": {
                            "line": 37,
                            "column": 8
                        }
                    }
                ]
            },
            "2": {
                "line": 38,
                "type": "if",
                "locations": [
                    {
                        "start": {
                            "line": 38,
                            "column": 8
                        },
                        "end": {
                            "line": 38,
                            "column": 8
                        }
                    },
                    {
                        "start": {
                            "line": 38,
                            "column": 8
                        },
                        "end": {
                            "line": 38,
                            "column": 8
                        }
                    }
                ]
            },
            "3": {
                "line": 39,
                "type": "if",
                "locations": [
                    {
                        "start": {
                            "line": 39,
                            "column": 8
                        },
                        "end": {
                            "line": 39,
                            "column": 8
                        }
                    },
                    {
                        "start": {
                            "line": 39,
                            "column": 8
                        },
                        "end": {
                            "line": 39,
                            "column": 8
                        }
                    }
                ]
            },
            "4": {
                "line": 40,
                "type": "if",
                "locations": [
                    {
                        "start": {
                            "line": 40,
                            "column": 8
                        },
                        "end": {
                            "line": 40,
                            "column": 8
                        }
                    },
                    {
                        "start": {
                            "line": 40,
                            "column": 8
                        },
                        "end": {
                            "line": 40,
                            "column": 8
                        }
                    }
                ]
            },
            "5": {
                "line": 51,
                "type": "if",
                "locations": [
                    {
                        "start": {
                            "line": 51,
                            "column": 15
                        },
                        "end": {
                            "line": 51,
                            "column": 15
                        }
                    },
                    {
                        "start": {
                            "line": 51,
                            "column": 15
                        },
                        "end": {
                            "line": 51,
                            "column": 15
                        }
                    }
                ]
            },
            "6": {
                "line": 52,
                "type": "if",
                "locations": [
                    {
                        "start": {
                            "line": 52,
                            "column": 8
                        },
                        "end": {
                            "line": 52,
                            "column": 8
                        }
                    },
                    {
                        "start": {
                            "line": 52,
                            "column": 8
                        },
                        "end": {
                            "line": 52,
                            "column": 8
                        }
                    }
                ]
            },
            "7": {
                "line": 55,
                "type": "if",
                "locations": [
                    {
                        "start": {
                            "line": 55,
                            "column": 12
                        },
                        "end": {
                            "line": 55,
                            "column": 12
                        }
                    },
                    {
                        "start": {
                            "line": 55,
                            "column": 12
                        },
                        "end": {
                            "line": 55,
                            "column": 12
                        }
                    }
                ]
            },
            "8": {
                "line": 66,
                "type": "if",
                "locations": [
                    {
                        "start": {
                            "line": 66,
                            "column": 8
                        },
                        "end": {
                            "line": 66,
                            "column": 8
                        }
                    },
                    {
                        "start": {
                            "line": 66,
                            "column": 8
                        },
                        "end": {
                            "line": 66,
                            "column": 8
                        }
                    }
                ]
            },
            "9": {
                "line": 67,
                "type": "if",
                "locations": [
                    {
                        "start": {
                            "line": 67,
                            "column": 8
                        },
                        "end": {
                            "line": 67,
                            "column": 8
                        }
                    },
                    {
                        "start": {
                            "line": 67,
                            "column": 8
                        },
                        "end": {
                            "line": 67,
                            "column": 8
                        }
                    }
                ]
            },
            "10": {
                "line": 70,
                "type": "if",
                "locations": [
                    {
                        "start": {
                            "line": 70,
                            "column": 8
                        },
                        "end": {
                            "line": 70,
                            "column": 8
                        }
                    },
                    {
                        "start": {
                            "line": 70,
                            "column": 8
                        },
                        "end": {
                            "line": 70,
                            "column": 8
                        }
                    }
                ]
            },
            "11": {
                "line": 78,
                "type": "if",
                "locations": [
                    {
                        "start": {
                            "line": 78,
                            "column": 8
                        },
                        "end": {
                            "line": 78,
                            "column": 8
                        }
                    },
                    {
                        "start": {
                            "line": 78,
                            "column": 8
                        },
                        "end": {
                            "line": 78,
                            "column": 8
                        }
                    }
                ]
            },
            "12": {
                "line": 87,
                "type": "if",
                "locations": [
                    {
                        "start": {
                            "line": 87,
                            "column": 63
                        },
                        "end": {
                            "line": 87,
                            "column": 63
                        }
                    },
                    {
                        "start": {
                            "line": 87,
                            "column": 63
                        },
                        "end": {
                            "line": 87,
                            "column": 63
                        }
                    }
                ]
            }
        }
    },
    "contracts/LamboLlama.sol": {
        "l": {
            "14": 6,
            "15": 6,
            "16": 3
        },
        "path": "/Users/Mac/Projects/Nodejs/LamboLlama/Contracts/contracts/LamboLlama.sol",
        "s": {
            "1": 6,
            "2": 6,
            "3": 3
        },
        "b": {
            "1": [
                3,
                3
            ]
        },
        "f": {
            "1": 6
        },
        "fnMap": {
            "1": {
                "name": "constructor",
                "line": 13,
                "loc": {
                    "start": {
                        "line": 8,
                        "column": 4
                    },
                    "end": {
                        "line": 18,
                        "column": 4
                    }
                }
            }
        },
        "statementMap": {
            "1": {
                "start": {
                    "line": 14,
                    "column": 8
                },
                "end": {
                    "line": 14,
                    "column": 36
                }
            },
            "2": {
                "start": {
                    "line": 15,
                    "column": 8
                },
                "end": {
                    "line": 15,
                    "column": 541
                }
            },
            "3": {
                "start": {
                    "line": 16,
                    "column": 12
                },
                "end": {
                    "line": 16,
                    "column": 36
                }
            }
        },
        "branchMap": {
            "1": {
                "line": 15,
                "type": "if",
                "locations": [
                    {
                        "start": {
                            "line": 15,
                            "column": 8
                        },
                        "end": {
                            "line": 15,
                            "column": 8
                        }
                    },
                    {
                        "start": {
                            "line": 15,
                            "column": 8
                        },
                        "end": {
                            "line": 15,
                            "column": 8
                        }
                    }
                ]
            }
        }
    },
    "contracts/Presale.sol": {
        "l": {
            "67": 10,
            "68": 9,
            "81": 129,
            "82": 128,
            "83": 127,
            "84": 126,
            "85": 125,
            "86": 124,
            "88": 123,
            "89": 123,
            "90": 123,
            "91": 123,
            "92": 123,
            "93": 123,
            "94": 123,
            "95": 123,
            "97": 123,
            "100": 123,
            "101": 123,
            "105": 42,
            "106": 41,
            "107": 41,
            "108": 41,
            "112": 9,
            "113": 13,
            "114": 13,
            "119": 1,
            "120": 1,
            "121": 1,
            "126": 66,
            "130": 64,
            "132": 12,
            "135": 2,
            "138": 61,
            "139": 61,
            "140": 61,
            "142": 61,
            "143": 157,
            "144": 157,
            "146": 157,
            "147": 58,
            "150": 99,
            "152": 99,
            "156": 99,
            "157": 99,
            "158": 99,
            "159": 99,
            "161": 99,
            "162": 61,
            "166": 61,
            "167": 61,
            "169": 61,
            "170": 61,
            "171": 61,
            "173": 61,
            "175": 61,
            "176": 59,
            "180": 9,
            "181": 9,
            "182": 2,
            "184": 7,
            "185": 5,
            "188": 5,
            "190": 5,
            "192": 5,
            "195": 7,
            "196": 7,
            "197": 6,
            "198": 6,
            "200": 6,
            "201": 4,
            "203": 4,
            "205": 4,
            "211": 6,
            "212": 5,
            "214": 1,
            "215": 1,
            "217": 1,
            "218": 1,
            "223": 13
        },
        "path": "/Users/Mac/Projects/Nodejs/LamboLlama/Contracts/contracts/Presale.sol",
        "s": {
            "1": 10,
            "2": 129,
            "3": 128,
            "4": 127,
            "5": 126,
            "6": 125,
            "7": 124,
            "8": 42,
            "9": 41,
            "10": 41,
            "11": 9,
            "12": 13,
            "13": 1,
            "14": 1,
            "15": 66,
            "16": 64,
            "17": 12,
            "18": 52,
            "19": 61,
            "20": 61,
            "21": 61,
            "22": 61,
            "23": 157,
            "24": 157,
            "25": 157,
            "26": 99,
            "27": 99,
            "28": 99,
            "29": 99,
            "30": 61,
            "31": 61,
            "32": 61,
            "33": 59,
            "34": 9,
            "35": 9,
            "36": 7,
            "37": 5,
            "38": 5,
            "39": 5,
            "40": 7,
            "41": 7,
            "42": 6,
            "43": 6,
            "44": 6,
            "45": 4,
            "46": 4,
            "47": 6,
            "48": 5,
            "49": 1,
            "50": 1,
            "51": 1,
            "52": 1
        },
        "b": {
            "1": [
                1,
                9
            ],
            "2": [
                1,
                128
            ],
            "3": [
                1,
                127
            ],
            "4": [
                1,
                126
            ],
            "5": [
                1,
                125
            ],
            "6": [
                1,
                124
            ],
            "7": [
                1,
                123
            ],
            "8": [
                42,
                1
            ],
            "9": [
                1,
                41
            ],
            "10": [
                9,
                1
            ],
            "11": [
                1,
                1
            ],
            "12": [
                66,
                0
            ],
            "13": [
                2,
                64
            ],
            "14": [
                12,
                52
            ],
            "15": [
                1,
                11
            ],
            "16": [
                2,
                50
            ],
            "17": [
                1,
                1
            ],
            "18": [
                58,
                99
            ],
            "19": [
                61,
                38
            ],
            "20": [
                61,
                38
            ],
            "21": [
                0,
                59
            ],
            "22": [
                9,
                1
            ],
            "23": [
                9,
                0
            ],
            "24": [
                2,
                7
            ],
            "25": [
                5,
                2
            ],
            "26": [
                6,
                1
            ],
            "27": [
                4,
                2
            ],
            "28": [
                5,
                1
            ]
        },
        "f": {
            "1": 10,
            "2": 129,
            "3": 42,
            "4": 9,
            "5": 1,
            "6": 66,
            "7": 9,
            "8": 6
        },
        "fnMap": {
            "1": {
                "name": "afterClaimStart",
                "line": 66,
                "loc": {
                    "start": {
                        "line": 66,
                        "column": 4
                    },
                    "end": {
                        "line": 69,
                        "column": 4
                    }
                }
            },
            "2": {
                "name": "constructor",
                "line": 71,
                "loc": {
                    "start": {
                        "line": 71,
                        "column": 4
                    },
                    "end": {
                        "line": 102,
                        "column": 4
                    }
                }
            },
            "3": {
                "name": "depositTokens",
                "line": 104,
                "loc": {
                    "start": {
                        "line": 104,
                        "column": 4
                    },
                    "end": {
                        "line": 109,
                        "column": 4
                    }
                }
            },
            "4": {
                "name": "whitelistAddresses",
                "line": 111,
                "loc": {
                    "start": {
                        "line": 111,
                        "column": 4
                    },
                    "end": {
                        "line": 116,
                        "column": 4
                    }
                }
            },
            "5": {
                "name": "removeWhitelistAddresses",
                "line": 118,
                "loc": {
                    "start": {
                        "line": 118,
                        "column": 4
                    },
                    "end": {
                        "line": 123,
                        "column": 4
                    }
                }
            },
            "6": {
                "name": "contribute",
                "line": 125,
                "loc": {
                    "start": {
                        "line": 125,
                        "column": 4
                    },
                    "end": {
                        "line": 177,
                        "column": 4
                    }
                }
            },
            "7": {
                "name": "claim",
                "line": 179,
                "loc": {
                    "start": {
                        "line": 179,
                        "column": 4
                    },
                    "end": {
                        "line": 208,
                        "column": 4
                    }
                }
            },
            "8": {
                "name": "_vestedBonusTokens",
                "line": 210,
                "loc": {
                    "start": {
                        "line": 210,
                        "column": 4
                    },
                    "end": {
                        "line": 220,
                        "column": 4
                    }
                }
            }
        },
        "statementMap": {
            "1": {
                "start": {
                    "line": 67,
                    "column": 8
                },
                "end": {
                    "line": 67,
                    "column": 77
                }
            },
            "2": {
                "start": {
                    "line": 81,
                    "column": 8
                },
                "end": {
                    "line": 81,
                    "column": 85
                }
            },
            "3": {
                "start": {
                    "line": 82,
                    "column": 8
                },
                "end": {
                    "line": 82,
                    "column": 83
                }
            },
            "4": {
                "start": {
                    "line": 83,
                    "column": 8
                },
                "end": {
                    "line": 83,
                    "column": 79
                }
            },
            "5": {
                "start": {
                    "line": 84,
                    "column": 8
                },
                "end": {
                    "line": 84,
                    "column": 75
                }
            },
            "6": {
                "start": {
                    "line": 85,
                    "column": 8
                },
                "end": {
                    "line": 85,
                    "column": 67
                }
            },
            "7": {
                "start": {
                    "line": 86,
                    "column": 8
                },
                "end": {
                    "line": 86,
                    "column": 63
                }
            },
            "8": {
                "start": {
                    "line": 105,
                    "column": 8
                },
                "end": {
                    "line": 105,
                    "column": 54
                }
            },
            "9": {
                "start": {
                    "line": 106,
                    "column": 8
                },
                "end": {
                    "line": 106,
                    "column": 72
                }
            },
            "10": {
                "start": {
                    "line": 108,
                    "column": 8
                },
                "end": {
                    "line": 108,
                    "column": 48
                }
            },
            "11": {
                "start": {
                    "line": 112,
                    "column": 8
                },
                "end": {
                    "line": 112,
                    "column": 4371
                }
            },
            "12": {
                "start": {
                    "line": 114,
                    "column": 12
                },
                "end": {
                    "line": 114,
                    "column": 46
                }
            },
            "13": {
                "start": {
                    "line": 119,
                    "column": 8
                },
                "end": {
                    "line": 119,
                    "column": 4617
                }
            },
            "14": {
                "start": {
                    "line": 121,
                    "column": 12
                },
                "end": {
                    "line": 121,
                    "column": 55
                }
            },
            "15": {
                "start": {
                    "line": 126,
                    "column": 8
                },
                "end": {
                    "line": 126,
                    "column": 51
                }
            },
            "16": {
                "start": {
                    "line": 130,
                    "column": 8
                },
                "end": {
                    "line": 130,
                    "column": 5033
                }
            },
            "17": {
                "start": {
                    "line": 132,
                    "column": 12
                },
                "end": {
                    "line": 132,
                    "column": 63
                }
            },
            "18": {
                "start": {
                    "line": 133,
                    "column": 15
                },
                "end": {
                    "line": 133,
                    "column": 5279
                }
            },
            "19": {
                "start": {
                    "line": 138,
                    "column": 8
                },
                "end": {
                    "line": 138,
                    "column": 44
                }
            },
            "20": {
                "start": {
                    "line": 139,
                    "column": 8
                },
                "end": {
                    "line": 139,
                    "column": 31
                }
            },
            "21": {
                "start": {
                    "line": 140,
                    "column": 8
                },
                "end": {
                    "line": 140,
                    "column": 40
                }
            },
            "22": {
                "start": {
                    "line": 142,
                    "column": 8
                },
                "end": {
                    "line": 142,
                    "column": 5607
                }
            },
            "23": {
                "start": {
                    "line": 143,
                    "column": 12
                },
                "end": {
                    "line": 143,
                    "column": 56
                }
            },
            "24": {
                "start": {
                    "line": 144,
                    "column": 12
                },
                "end": {
                    "line": 144,
                    "column": 52
                }
            },
            "25": {
                "start": {
                    "line": 146,
                    "column": 12
                },
                "end": {
                    "line": 146,
                    "column": 5791
                }
            },
            "26": {
                "start": {
                    "line": 150,
                    "column": 12
                },
                "end": {
                    "line": 150,
                    "column": 71
                }
            },
            "27": {
                "start": {
                    "line": 152,
                    "column": 12
                },
                "end": {
                    "line": 152,
                    "column": 5981
                }
            },
            "28": {
                "start": {
                    "line": 156,
                    "column": 12
                },
                "end": {
                    "line": 156,
                    "column": 98
                }
            },
            "29": {
                "start": {
                    "line": 161,
                    "column": 12
                },
                "end": {
                    "line": 161,
                    "column": 6389
                }
            },
            "30": {
                "start": {
                    "line": 169,
                    "column": 8
                },
                "end": {
                    "line": 169,
                    "column": 73
                }
            },
            "31": {
                "start": {
                    "line": 173,
                    "column": 8
                },
                "end": {
                    "line": 173,
                    "column": 68
                }
            },
            "32": {
                "start": {
                    "line": 175,
                    "column": 8
                },
                "end": {
                    "line": 175,
                    "column": 65
                }
            },
            "33": {
                "start": {
                    "line": 176,
                    "column": 8
                },
                "end": {
                    "line": 176,
                    "column": 45
                }
            },
            "34": {
                "start": {
                    "line": 180,
                    "column": 8
                },
                "end": {
                    "line": 180,
                    "column": 73
                }
            },
            "35": {
                "start": {
                    "line": 181,
                    "column": 8
                },
                "end": {
                    "line": 181,
                    "column": 7094
                }
            },
            "36": {
                "start": {
                    "line": 184,
                    "column": 8
                },
                "end": {
                    "line": 184,
                    "column": 7188
                }
            },
            "37": {
                "start": {
                    "line": 185,
                    "column": 12
                },
                "end": {
                    "line": 185,
                    "column": 7258
                }
            },
            "38": {
                "start": {
                    "line": 190,
                    "column": 12
                },
                "end": {
                    "line": 190,
                    "column": 54
                }
            },
            "39": {
                "start": {
                    "line": 192,
                    "column": 12
                },
                "end": {
                    "line": 192,
                    "column": 59
                }
            },
            "40": {
                "start": {
                    "line": 195,
                    "column": 8
                },
                "end": {
                    "line": 195,
                    "column": 88
                }
            },
            "41": {
                "start": {
                    "line": 196,
                    "column": 8
                },
                "end": {
                    "line": 196,
                    "column": 7618
                }
            },
            "42": {
                "start": {
                    "line": 197,
                    "column": 12
                },
                "end": {
                    "line": 197,
                    "column": 66
                }
            },
            "43": {
                "start": {
                    "line": 198,
                    "column": 12
                },
                "end": {
                    "line": 198,
                    "column": 88
                }
            },
            "44": {
                "start": {
                    "line": 200,
                    "column": 12
                },
                "end": {
                    "line": 200,
                    "column": 7816
                }
            },
            "45": {
                "start": {
                    "line": 203,
                    "column": 16
                },
                "end": {
                    "line": 203,
                    "column": 58
                }
            },
            "46": {
                "start": {
                    "line": 205,
                    "column": 16
                },
                "end": {
                    "line": 205,
                    "column": 68
                }
            },
            "47": {
                "start": {
                    "line": 211,
                    "column": 8
                },
                "end": {
                    "line": 211,
                    "column": 8170
                }
            },
            "48": {
                "start": {
                    "line": 212,
                    "column": 12
                },
                "end": {
                    "line": 212,
                    "column": 30
                }
            },
            "49": {
                "start": {
                    "line": 214,
                    "column": 12
                },
                "end": {
                    "line": 214,
                    "column": 69
                }
            },
            "50": {
                "start": {
                    "line": 215,
                    "column": 12
                },
                "end": {
                    "line": 215,
                    "column": 66
                }
            },
            "51": {
                "start": {
                    "line": 217,
                    "column": 12
                },
                "end": {
                    "line": 217,
                    "column": 80
                }
            },
            "52": {
                "start": {
                    "line": 218,
                    "column": 12
                },
                "end": {
                    "line": 218,
                    "column": 31
                }
            }
        },
        "branchMap": {
            "1": {
                "line": 67,
                "type": "if",
                "locations": [
                    {
                        "start": {
                            "line": 67,
                            "column": 8
                        },
                        "end": {
                            "line": 67,
                            "column": 8
                        }
                    },
                    {
                        "start": {
                            "line": 67,
                            "column": 8
                        },
                        "end": {
                            "line": 67,
                            "column": 8
                        }
                    }
                ]
            },
            "2": {
                "line": 81,
                "type": "if",
                "locations": [
                    {
                        "start": {
                            "line": 81,
                            "column": 8
                        },
                        "end": {
                            "line": 81,
                            "column": 8
                        }
                    },
                    {
                        "start": {
                            "line": 81,
                            "column": 8
                        },
                        "end": {
                            "line": 81,
                            "column": 8
                        }
                    }
                ]
            },
            "3": {
                "line": 82,
                "type": "if",
                "locations": [
                    {
                        "start": {
                            "line": 82,
                            "column": 8
                        },
                        "end": {
                            "line": 82,
                            "column": 8
                        }
                    },
                    {
                        "start": {
                            "line": 82,
                            "column": 8
                        },
                        "end": {
                            "line": 82,
                            "column": 8
                        }
                    }
                ]
            },
            "4": {
                "line": 83,
                "type": "if",
                "locations": [
                    {
                        "start": {
                            "line": 83,
                            "column": 8
                        },
                        "end": {
                            "line": 83,
                            "column": 8
                        }
                    },
                    {
                        "start": {
                            "line": 83,
                            "column": 8
                        },
                        "end": {
                            "line": 83,
                            "column": 8
                        }
                    }
                ]
            },
            "5": {
                "line": 84,
                "type": "if",
                "locations": [
                    {
                        "start": {
                            "line": 84,
                            "column": 8
                        },
                        "end": {
                            "line": 84,
                            "column": 8
                        }
                    },
                    {
                        "start": {
                            "line": 84,
                            "column": 8
                        },
                        "end": {
                            "line": 84,
                            "column": 8
                        }
                    }
                ]
            },
            "6": {
                "line": 85,
                "type": "if",
                "locations": [
                    {
                        "start": {
                            "line": 85,
                            "column": 8
                        },
                        "end": {
                            "line": 85,
                            "column": 8
                        }
                    },
                    {
                        "start": {
                            "line": 85,
                            "column": 8
                        },
                        "end": {
                            "line": 85,
                            "column": 8
                        }
                    }
                ]
            },
            "7": {
                "line": 86,
                "type": "if",
                "locations": [
                    {
                        "start": {
                            "line": 86,
                            "column": 8
                        },
                        "end": {
                            "line": 86,
                            "column": 8
                        }
                    },
                    {
                        "start": {
                            "line": 86,
                            "column": 8
                        },
                        "end": {
                            "line": 86,
                            "column": 8
                        }
                    }
                ]
            },
            "8": {
                "line": 104,
                "type": "if",
                "locations": [
                    {
                        "start": {
                            "line": 104,
                            "column": 38
                        },
                        "end": {
                            "line": 104,
                            "column": 38
                        }
                    },
                    {
                        "start": {
                            "line": 104,
                            "column": 38
                        },
                        "end": {
                            "line": 104,
                            "column": 38
                        }
                    }
                ]
            },
            "9": {
                "line": 105,
                "type": "if",
                "locations": [
                    {
                        "start": {
                            "line": 105,
                            "column": 8
                        },
                        "end": {
                            "line": 105,
                            "column": 8
                        }
                    },
                    {
                        "start": {
                            "line": 105,
                            "column": 8
                        },
                        "end": {
                            "line": 105,
                            "column": 8
                        }
                    }
                ]
            },
            "10": {
                "line": 111,
                "type": "if",
                "locations": [
                    {
                        "start": {
                            "line": 111,
                            "column": 68
                        },
                        "end": {
                            "line": 111,
                            "column": 68
                        }
                    },
                    {
                        "start": {
                            "line": 111,
                            "column": 68
                        },
                        "end": {
                            "line": 111,
                            "column": 68
                        }
                    }
                ]
            },
            "11": {
                "line": 118,
                "type": "if",
                "locations": [
                    {
                        "start": {
                            "line": 118,
                            "column": 74
                        },
                        "end": {
                            "line": 118,
                            "column": 74
                        }
                    },
                    {
                        "start": {
                            "line": 118,
                            "column": 74
                        },
                        "end": {
                            "line": 118,
                            "column": 74
                        }
                    }
                ]
            },
            "12": {
                "line": 125,
                "type": "if",
                "locations": [
                    {
                        "start": {
                            "line": 125,
                            "column": 41
                        },
                        "end": {
                            "line": 125,
                            "column": 41
                        }
                    },
                    {
                        "start": {
                            "line": 125,
                            "column": 41
                        },
                        "end": {
                            "line": 125,
                            "column": 41
                        }
                    }
                ]
            },
            "13": {
                "line": 126,
                "type": "if",
                "locations": [
                    {
                        "start": {
                            "line": 126,
                            "column": 8
                        },
                        "end": {
                            "line": 126,
                            "column": 8
                        }
                    },
                    {
                        "start": {
                            "line": 126,
                            "column": 8
                        },
                        "end": {
                            "line": 126,
                            "column": 8
                        }
                    }
                ]
            },
            "14": {
                "line": 130,
                "type": "if",
                "locations": [
                    {
                        "start": {
                            "line": 130,
                            "column": 8
                        },
                        "end": {
                            "line": 130,
                            "column": 8
                        }
                    },
                    {
                        "start": {
                            "line": 130,
                            "column": 8
                        },
                        "end": {
                            "line": 130,
                            "column": 8
                        }
                    }
                ]
            },
            "15": {
                "line": 132,
                "type": "if",
                "locations": [
                    {
                        "start": {
                            "line": 132,
                            "column": 12
                        },
                        "end": {
                            "line": 132,
                            "column": 12
                        }
                    },
                    {
                        "start": {
                            "line": 132,
                            "column": 12
                        },
                        "end": {
                            "line": 132,
                            "column": 12
                        }
                    }
                ]
            },
            "16": {
                "line": 133,
                "type": "if",
                "locations": [
                    {
                        "start": {
                            "line": 133,
                            "column": 15
                        },
                        "end": {
                            "line": 133,
                            "column": 15
                        }
                    },
                    {
                        "start": {
                            "line": 133,
                            "column": 15
                        },
                        "end": {
                            "line": 133,
                            "column": 15
                        }
                    }
                ]
            },
            "17": {
                "line": 133,
                "type": "cond-expr",
                "locations": [
                    {
                        "start": {
                            "line": 133,
                            "column": 19
                        },
                        "end": {
                            "line": 133,
                            "column": 52
                        }
                    },
                    {
                        "start": {
                            "line": 133,
                            "column": 57
                        },
                        "end": {
                            "line": 133,
                            "column": 88
                        }
                    }
                ]
            },
            "18": {
                "line": 146,
                "type": "if",
                "locations": [
                    {
                        "start": {
                            "line": 146,
                            "column": 12
                        },
                        "end": {
                            "line": 146,
                            "column": 12
                        }
                    },
                    {
                        "start": {
                            "line": 146,
                            "column": 12
                        },
                        "end": {
                            "line": 146,
                            "column": 12
                        }
                    }
                ]
            },
            "19": {
                "line": 153,
                "type": "if",
                "locations": [
                    {
                        "start": {
                            "line": 153,
                            "column": 18
                        },
                        "end": {
                            "line": 153,
                            "column": 33
                        }
                    },
                    {
                        "start": {
                            "line": 154,
                            "column": 18
                        },
                        "end": {
                            "line": 154,
                            "column": 34
                        }
                    }
                ]
            },
            "20": {
                "line": 161,
                "type": "if",
                "locations": [
                    {
                        "start": {
                            "line": 161,
                            "column": 12
                        },
                        "end": {
                            "line": 161,
                            "column": 12
                        }
                    },
                    {
                        "start": {
                            "line": 161,
                            "column": 12
                        },
                        "end": {
                            "line": 161,
                            "column": 12
                        }
                    }
                ]
            },
            "21": {
                "line": 176,
                "type": "if",
                "locations": [
                    {
                        "start": {
                            "line": 176,
                            "column": 8
                        },
                        "end": {
                            "line": 176,
                            "column": 8
                        }
                    },
                    {
                        "start": {
                            "line": 176,
                            "column": 8
                        },
                        "end": {
                            "line": 176,
                            "column": 8
                        }
                    }
                ]
            },
            "22": {
                "line": 179,
                "type": "if",
                "locations": [
                    {
                        "start": {
                            "line": 179,
                            "column": 30
                        },
                        "end": {
                            "line": 179,
                            "column": 30
                        }
                    },
                    {
                        "start": {
                            "line": 179,
                            "column": 30
                        },
                        "end": {
                            "line": 179,
                            "column": 30
                        }
                    }
                ]
            },
            "23": {
                "line": 179,
                "type": "if",
                "locations": [
                    {
                        "start": {
                            "line": 179,
                            "column": 46
                        },
                        "end": {
                            "line": 179,
                            "column": 46
                        }
                    },
                    {
                        "start": {
                            "line": 179,
                            "column": 46
                        },
                        "end": {
                            "line": 179,
                            "column": 46
                        }
                    }
                ]
            },
            "24": {
                "line": 181,
                "type": "if",
                "locations": [
                    {
                        "start": {
                            "line": 181,
                            "column": 8
                        },
                        "end": {
                            "line": 181,
                            "column": 8
                        }
                    },
                    {
                        "start": {
                            "line": 181,
                            "column": 8
                        },
                        "end": {
                            "line": 181,
                            "column": 8
                        }
                    }
                ]
            },
            "25": {
                "line": 184,
                "type": "if",
                "locations": [
                    {
                        "start": {
                            "line": 184,
                            "column": 8
                        },
                        "end": {
                            "line": 184,
                            "column": 8
                        }
                    },
                    {
                        "start": {
                            "line": 184,
                            "column": 8
                        },
                        "end": {
                            "line": 184,
                            "column": 8
                        }
                    }
                ]
            },
            "26": {
                "line": 196,
                "type": "if",
                "locations": [
                    {
                        "start": {
                            "line": 196,
                            "column": 8
                        },
                        "end": {
                            "line": 196,
                            "column": 8
                        }
                    },
                    {
                        "start": {
                            "line": 196,
                            "column": 8
                        },
                        "end": {
                            "line": 196,
                            "column": 8
                        }
                    }
                ]
            },
            "27": {
                "line": 200,
                "type": "if",
                "locations": [
                    {
                        "start": {
                            "line": 200,
                            "column": 12
                        },
                        "end": {
                            "line": 200,
                            "column": 12
                        }
                    },
                    {
                        "start": {
                            "line": 200,
                            "column": 12
                        },
                        "end": {
                            "line": 200,
                            "column": 12
                        }
                    }
                ]
            },
            "28": {
                "line": 211,
                "type": "if",
                "locations": [
                    {
                        "start": {
                            "line": 211,
                            "column": 8
                        },
                        "end": {
                            "line": 211,
                            "column": 8
                        }
                    },
                    {
                        "start": {
                            "line": 211,
                            "column": 8
                        },
                        "end": {
                            "line": 211,
                            "column": 8
                        }
                    }
                ]
            }
        }
    },
    "contracts/Vesting.sol": {
        "l": {
            "32": 79,
            "33": 78,
            "37": 24,
            "38": 22,
            "42": 4,
            "46": 1,
            "50": 2,
            "51": 1,
            "60": 21,
            "61": 20,
            "62": 19,
            "64": 18,
            "73": 14,
            "75": 14,
            "77": 13,
            "79": 13,
            "80": 4,
            "83": 13,
            "84": 13,
            "86": 13,
            "88": 12,
            "89": 12,
            "91": 12,
            "95": 3,
            "97": 3,
            "98": 1,
            "101": 2,
            "102": 2,
            "103": 1,
            "106": 2,
            "108": 2
        },
        "path": "/Users/Mac/Projects/Nodejs/LamboLlama/Contracts/contracts/Vesting.sol",
        "s": {
            "1": 79,
            "2": 24,
            "3": 1,
            "4": 2,
            "5": 1,
            "6": 21,
            "7": 20,
            "8": 19,
            "9": 14,
            "10": 14,
            "11": 13,
            "12": 13,
            "13": 13,
            "14": 13,
            "15": 13,
            "16": 12,
            "17": 12,
            "18": 3,
            "19": 3,
            "20": 1,
            "21": 2,
            "22": 2,
            "23": 2,
            "24": 2
        },
        "b": {
            "1": [
                1,
                78
            ],
            "2": [
                2,
                22
            ],
            "3": [
                4,
                1
            ],
            "4": [
                2,
                1
            ],
            "5": [
                1,
                1
            ],
            "6": [
                2,
                1
            ],
            "7": [
                1,
                1
            ],
            "8": [
                22,
                1
            ],
            "9": [
                21,
                1
            ],
            "10": [
                1,
                20
            ],
            "11": [
                1,
                19
            ],
            "12": [
                1,
                18
            ],
            "13": [
                1,
                13
            ],
            "14": [
                4,
                9
            ],
            "15": [
                1,
                12
            ],
            "16": [
                1,
                2
            ],
            "17": [
                1,
                1
            ]
        },
        "f": {
            "1": 79,
            "2": 24,
            "3": 4,
            "4": 1,
            "5": 2,
            "6": 21,
            "7": 14,
            "8": 3
        },
        "fnMap": {
            "1": {
                "name": "constructor",
                "line": 31,
                "loc": {
                    "start": {
                        "line": 31,
                        "column": 4
                    },
                    "end": {
                        "line": 34,
                        "column": 4
                    }
                }
            },
            "2": {
                "name": "onlyBeforeConfiguratedAndFixed",
                "line": 36,
                "loc": {
                    "start": {
                        "line": 36,
                        "column": 4
                    },
                    "end": {
                        "line": 39,
                        "column": 4
                    }
                }
            },
            "3": {
                "name": "fix",
                "line": 41,
                "loc": {
                    "start": {
                        "line": 41,
                        "column": 4
                    },
                    "end": {
                        "line": 43,
                        "column": 4
                    }
                }
            },
            "4": {
                "name": "withdraw",
                "line": 45,
                "loc": {
                    "start": {
                        "line": 45,
                        "column": 4
                    },
                    "end": {
                        "line": 47,
                        "column": 4
                    }
                }
            },
            "5": {
                "name": "withdrawStuckERC20",
                "line": 49,
                "loc": {
                    "start": {
                        "line": 49,
                        "column": 4
                    },
                    "end": {
                        "line": 52,
                        "column": 4
                    }
                }
            },
            "6": {
                "name": "setVestingSchedule",
                "line": 59,
                "loc": {
                    "start": {
                        "line": 54,
                        "column": 4
                    },
                    "end": {
                        "line": 70,
                        "column": 4
                    }
                }
            },
            "7": {
                "name": "claimTokens",
                "line": 72,
                "loc": {
                    "start": {
                        "line": 72,
                        "column": 4
                    },
                    "end": {
                        "line": 92,
                        "column": 4
                    }
                }
            },
            "8": {
                "name": "getClaimableAmount",
                "line": 94,
                "loc": {
                    "start": {
                        "line": 94,
                        "column": 4
                    },
                    "end": {
                        "line": 109,
                        "column": 4
                    }
                }
            }
        },
        "statementMap": {
            "1": {
                "start": {
                    "line": 32,
                    "column": 8
                },
                "end": {
                    "line": 32,
                    "column": 68
                }
            },
            "2": {
                "start": {
                    "line": 37,
                    "column": 8
                },
                "end": {
                    "line": 37,
                    "column": 56
                }
            },
            "3": {
                "start": {
                    "line": 46,
                    "column": 8
                },
                "end": {
                    "line": 46,
                    "column": 65
                }
            },
            "4": {
                "start": {
                    "line": 50,
                    "column": 8
                },
                "end": {
                    "line": 50,
                    "column": 86
                }
            },
            "5": {
                "start": {
                    "line": 51,
                    "column": 8
                },
                "end": {
                    "line": 51,
                    "column": 67
                }
            },
            "6": {
                "start": {
                    "line": 60,
                    "column": 8
                },
                "end": {
                    "line": 60,
                    "column": 71
                }
            },
            "7": {
                "start": {
                    "line": 61,
                    "column": 8
                },
                "end": {
                    "line": 61,
                    "column": 55
                }
            },
            "8": {
                "start": {
                    "line": 62,
                    "column": 8
                },
                "end": {
                    "line": 62,
                    "column": 49
                }
            },
            "9": {
                "start": {
                    "line": 73,
                    "column": 8
                },
                "end": {
                    "line": 73,
                    "column": 72
                }
            },
            "10": {
                "start": {
                    "line": 75,
                    "column": 8
                },
                "end": {
                    "line": 75,
                    "column": 74
                }
            },
            "11": {
                "start": {
                    "line": 77,
                    "column": 8
                },
                "end": {
                    "line": 77,
                    "column": 64
                }
            },
            "12": {
                "start": {
                    "line": 79,
                    "column": 8
                },
                "end": {
                    "line": 79,
                    "column": 2435
                }
            },
            "13": {
                "start": {
                    "line": 83,
                    "column": 8
                },
                "end": {
                    "line": 83,
                    "column": 91
                }
            },
            "14": {
                "start": {
                    "line": 84,
                    "column": 8
                },
                "end": {
                    "line": 84,
                    "column": 74
                }
            },
            "15": {
                "start": {
                    "line": 86,
                    "column": 8
                },
                "end": {
                    "line": 86,
                    "column": 59
                }
            },
            "16": {
                "start": {
                    "line": 89,
                    "column": 8
                },
                "end": {
                    "line": 89,
                    "column": 51
                }
            },
            "17": {
                "start": {
                    "line": 91,
                    "column": 8
                },
                "end": {
                    "line": 91,
                    "column": 56
                }
            },
            "18": {
                "start": {
                    "line": 95,
                    "column": 8
                },
                "end": {
                    "line": 95,
                    "column": 74
                }
            },
            "19": {
                "start": {
                    "line": 97,
                    "column": 8
                },
                "end": {
                    "line": 97,
                    "column": 3112
                }
            },
            "20": {
                "start": {
                    "line": 98,
                    "column": 12
                },
                "end": {
                    "line": 98,
                    "column": 20
                }
            },
            "21": {
                "start": {
                    "line": 101,
                    "column": 8
                },
                "end": {
                    "line": 101,
                    "column": 64
                }
            },
            "22": {
                "start": {
                    "line": 102,
                    "column": 8
                },
                "end": {
                    "line": 102,
                    "column": 3261
                }
            },
            "23": {
                "start": {
                    "line": 106,
                    "column": 8
                },
                "end": {
                    "line": 106,
                    "column": 91
                }
            },
            "24": {
                "start": {
                    "line": 108,
                    "column": 8
                },
                "end": {
                    "line": 108,
                    "column": 54
                }
            }
        },
        "branchMap": {
            "1": {
                "line": 32,
                "type": "if",
                "locations": [
                    {
                        "start": {
                            "line": 32,
                            "column": 8
                        },
                        "end": {
                            "line": 32,
                            "column": 8
                        }
                    },
                    {
                        "start": {
                            "line": 32,
                            "column": 8
                        },
                        "end": {
                            "line": 32,
                            "column": 8
                        }
                    }
                ]
            },
            "2": {
                "line": 37,
                "type": "if",
                "locations": [
                    {
                        "start": {
                            "line": 37,
                            "column": 8
                        },
                        "end": {
                            "line": 37,
                            "column": 8
                        }
                    },
                    {
                        "start": {
                            "line": 37,
                            "column": 8
                        },
                        "end": {
                            "line": 37,
                            "column": 8
                        }
                    }
                ]
            },
            "3": {
                "line": 41,
                "type": "if",
                "locations": [
                    {
                        "start": {
                            "line": 41,
                            "column": 28
                        },
                        "end": {
                            "line": 41,
                            "column": 28
                        }
                    },
                    {
                        "start": {
                            "line": 41,
                            "column": 28
                        },
                        "end": {
                            "line": 41,
                            "column": 28
                        }
                    }
                ]
            },
            "4": {
                "line": 45,
                "type": "if",
                "locations": [
                    {
                        "start": {
                            "line": 45,
                            "column": 33
                        },
                        "end": {
                            "line": 45,
                            "column": 33
                        }
                    },
                    {
                        "start": {
                            "line": 45,
                            "column": 33
                        },
                        "end": {
                            "line": 45,
                            "column": 33
                        }
                    }
                ]
            },
            "5": {
                "line": 45,
                "type": "if",
                "locations": [
                    {
                        "start": {
                            "line": 45,
                            "column": 43
                        },
                        "end": {
                            "line": 45,
                            "column": 43
                        }
                    },
                    {
                        "start": {
                            "line": 45,
                            "column": 43
                        },
                        "end": {
                            "line": 45,
                            "column": 43
                        }
                    }
                ]
            },
            "6": {
                "line": 49,
                "type": "if",
                "locations": [
                    {
                        "start": {
                            "line": 49,
                            "column": 56
                        },
                        "end": {
                            "line": 49,
                            "column": 56
                        }
                    },
                    {
                        "start": {
                            "line": 49,
                            "column": 56
                        },
                        "end": {
                            "line": 49,
                            "column": 56
                        }
                    }
                ]
            },
            "7": {
                "line": 50,
                "type": "if",
                "locations": [
                    {
                        "start": {
                            "line": 50,
                            "column": 8
                        },
                        "end": {
                            "line": 50,
                            "column": 8
                        }
                    },
                    {
                        "start": {
                            "line": 50,
                            "column": 8
                        },
                        "end": {
                            "line": 50,
                            "column": 8
                        }
                    }
                ]
            },
            "8": {
                "line": 59,
                "type": "if",
                "locations": [
                    {
                        "start": {
                            "line": 59,
                            "column": 15
                        },
                        "end": {
                            "line": 59,
                            "column": 15
                        }
                    },
                    {
                        "start": {
                            "line": 59,
                            "column": 15
                        },
                        "end": {
                            "line": 59,
                            "column": 15
                        }
                    }
                ]
            },
            "9": {
                "line": 59,
                "type": "if",
                "locations": [
                    {
                        "start": {
                            "line": 59,
                            "column": 25
                        },
                        "end": {
                            "line": 59,
                            "column": 25
                        }
                    },
                    {
                        "start": {
                            "line": 59,
                            "column": 25
                        },
                        "end": {
                            "line": 59,
                            "column": 25
                        }
                    }
                ]
            },
            "10": {
                "line": 60,
                "type": "if",
                "locations": [
                    {
                        "start": {
                            "line": 60,
                            "column": 8
                        },
                        "end": {
                            "line": 60,
                            "column": 8
                        }
                    },
                    {
                        "start": {
                            "line": 60,
                            "column": 8
                        },
                        "end": {
                            "line": 60,
                            "column": 8
                        }
                    }
                ]
            },
            "11": {
                "line": 61,
                "type": "if",
                "locations": [
                    {
                        "start": {
                            "line": 61,
                            "column": 8
                        },
                        "end": {
                            "line": 61,
                            "column": 8
                        }
                    },
                    {
                        "start": {
                            "line": 61,
                            "column": 8
                        },
                        "end": {
                            "line": 61,
                            "column": 8
                        }
                    }
                ]
            },
            "12": {
                "line": 62,
                "type": "if",
                "locations": [
                    {
                        "start": {
                            "line": 62,
                            "column": 8
                        },
                        "end": {
                            "line": 62,
                            "column": 8
                        }
                    },
                    {
                        "start": {
                            "line": 62,
                            "column": 8
                        },
                        "end": {
                            "line": 62,
                            "column": 8
                        }
                    }
                ]
            },
            "13": {
                "line": 75,
                "type": "if",
                "locations": [
                    {
                        "start": {
                            "line": 75,
                            "column": 8
                        },
                        "end": {
                            "line": 75,
                            "column": 8
                        }
                    },
                    {
                        "start": {
                            "line": 75,
                            "column": 8
                        },
                        "end": {
                            "line": 75,
                            "column": 8
                        }
                    }
                ]
            },
            "14": {
                "line": 79,
                "type": "if",
                "locations": [
                    {
                        "start": {
                            "line": 79,
                            "column": 8
                        },
                        "end": {
                            "line": 79,
                            "column": 8
                        }
                    },
                    {
                        "start": {
                            "line": 79,
                            "column": 8
                        },
                        "end": {
                            "line": 79,
                            "column": 8
                        }
                    }
                ]
            },
            "15": {
                "line": 86,
                "type": "if",
                "locations": [
                    {
                        "start": {
                            "line": 86,
                            "column": 8
                        },
                        "end": {
                            "line": 86,
                            "column": 8
                        }
                    },
                    {
                        "start": {
                            "line": 86,
                            "column": 8
                        },
                        "end": {
                            "line": 86,
                            "column": 8
                        }
                    }
                ]
            },
            "16": {
                "line": 97,
                "type": "if",
                "locations": [
                    {
                        "start": {
                            "line": 97,
                            "column": 8
                        },
                        "end": {
                            "line": 97,
                            "column": 8
                        }
                    },
                    {
                        "start": {
                            "line": 97,
                            "column": 8
                        },
                        "end": {
                            "line": 97,
                            "column": 8
                        }
                    }
                ]
            },
            "17": {
                "line": 102,
                "type": "if",
                "locations": [
                    {
                        "start": {
                            "line": 102,
                            "column": 8
                        },
                        "end": {
                            "line": 102,
                            "column": 8
                        }
                    },
                    {
                        "start": {
                            "line": 102,
                            "column": 8
                        },
                        "end": {
                            "line": 102,
                            "column": 8
                        }
                    }
                ]
            }
        }
    }
}