TN:
SF:/Users/Mac/Projects/Nodejs/LamboLlama/Contracts/contracts/Airdrop.sol
FN:36,constructor
FN:51,setRecipients
FN:65,claim
FN:87,withdraw
FNF:4
FNH:4
FNDA:7,constructor
FNDA:10,setRecipients
FNDA:7,claim
FNDA:1,withdraw
DA:37,7
DA:38,6
DA:39,5
DA:40,4
DA:42,3
DA:43,3
DA:44,3
DA:45,3
DA:52,10
DA:53,9
DA:54,9
DA:55,16
DA:56,15
DA:57,15
DA:58,15
DA:62,8
DA:66,7
DA:67,6
DA:69,5
DA:70,5
DA:73,4
DA:74,4
DA:77,4
DA:78,4
DA:81,3
DA:82,3
DA:84,3
DA:88,1
LF:28
LH:28
BRDA:37,1,0,1
BRDA:37,1,1,6
BRDA:38,2,0,1
BRDA:38,2,1,5
BRDA:39,3,0,1
BRDA:39,3,1,4
BRDA:40,4,0,1
BRDA:40,4,1,3
BRDA:51,5,0,10
BRDA:51,5,1,1
BRDA:52,6,0,1
BRDA:52,6,1,9
BRDA:55,7,0,1
BRDA:55,7,1,15
BRDA:66,8,0,1
BRDA:66,8,1,6
BRDA:67,9,0,1
BRDA:67,9,1,5
BRDA:70,10,0,1
BRDA:70,10,1,4
BRDA:78,11,0,1
BRDA:78,11,1,3
BRDA:87,12,0,1
BRDA:87,12,1,1
BRF:24
BRH:24
end_of_record
TN:
SF:/Users/Mac/Projects/Nodejs/LamboLlama/Contracts/contracts/LamboLlama.sol
FN:13,constructor
FNF:1
FNH:1
FNDA:6,constructor
DA:14,6
DA:15,6
DA:16,3
LF:3
LH:3
BRDA:15,1,0,3
BRDA:15,1,1,3
BRF:2
BRH:2
end_of_record
TN:
SF:/Users/Mac/Projects/Nodejs/LamboLlama/Contracts/contracts/Presale.sol
FN:116,afterClaimStart
FN:133,constructor
FN:182,depositTokens
FN:194,isWhitelisted
FN:207,contribute
FN:304,claim
FN:349,_vestedBonusTokens
FNF:7
FNH:7
FNDA:25,afterClaimStart
FNDA:144,constructor
FNDA:46,depositTokens
FNDA:2,isWhitelisted
FNDA:83,contribute
FNDA:24,claim
FNDA:19,_vestedBonusTokens
DA:117,25
DA:118,24
DA:145,144
DA:147,143
DA:150,142
DA:151,141
DA:152,140
DA:153,139
DA:156,138
DA:157,138
DA:158,138
DA:159,138
DA:160,138
DA:161,138
DA:162,138
DA:164,138
DA:165,138
DA:167,138
DA:170,138
DA:176,138
DA:183,46
DA:184,45
DA:185,45
DA:186,45
DA:196,2
DA:197,2
DA:200,2
DA:208,83
DA:209,2
DA:213,81
DA:214,5
DA:218,76
DA:219,14
DA:220,1
DA:224,13
DA:225,13
DA:228,13
DA:229,1
DA:233,74
DA:234,74
DA:237,74
DA:238,50
DA:239,50
DA:242,50
DA:244,50
DA:245,50
DA:246,50
DA:250,74
DA:253,36
DA:254,36
DA:257,36
DA:259,36
DA:260,36
DA:261,36
DA:265,74
DA:268,20
DA:269,20
DA:272,20
DA:274,20
DA:275,20
DA:276,20
DA:280,74
DA:281,26
DA:282,26
DA:285,74
DA:288,74
DA:289,74
DA:290,74
DA:293,74
DA:294,72
DA:295,1
DA:298,71
DA:305,24
DA:306,24
DA:310,22
DA:312,16
DA:315,16
DA:317,16
DA:319,16
DA:323,22
DA:325,22
DA:327,19
DA:329,19
DA:331,19
DA:333,13
DA:337,13
DA:339,13
DA:350,19
DA:352,14
DA:354,5
DA:355,5
DA:358,5
DA:369,28
LF:93
LH:93
BRDA:117,1,0,1
BRDA:117,1,1,24
BRDA:145,2,0,1
BRDA:145,2,1,143
BRDA:147,3,0,1
BRDA:147,3,1,142
BRDA:150,4,0,1
BRDA:150,4,1,141
BRDA:151,5,0,1
BRDA:151,5,1,140
BRDA:152,6,0,1
BRDA:152,6,1,139
BRDA:153,7,0,1
BRDA:153,7,1,138
BRDA:182,8,0,46
BRDA:182,8,1,1
BRDA:183,9,0,1
BRDA:183,9,1,45
BRDA:207,10,0,83
BRDA:207,10,1,0
BRDA:208,11,0,2
BRDA:208,11,1,81
BRDA:213,12,0,5
BRDA:213,12,1,76
BRDA:213,13,0,2
BRDA:213,13,1,3
BRDA:218,14,0,14
BRDA:218,14,1,62
BRDA:219,15,0,1
BRDA:219,15,1,13
BRDA:228,16,0,1
BRDA:228,16,1,12
BRDA:237,17,0,50
BRDA:237,17,1,24
BRDA:240,18,0,16
BRDA:240,18,1,34
BRDA:250,19,0,36
BRDA:250,19,1,38
BRDA:255,20,0,23
BRDA:255,20,1,13
BRDA:265,21,0,20
BRDA:265,21,1,54
BRDA:270,22,0,9
BRDA:270,22,1,11
BRDA:280,23,0,26
BRDA:280,23,1,48
BRDA:294,24,0,1
BRDA:294,24,1,71
BRDA:304,25,0,24
BRDA:304,25,1,1
BRDA:304,26,0,24
BRDA:304,26,1,0
BRDA:306,27,0,2
BRDA:306,27,1,22
BRDA:310,28,0,16
BRDA:310,28,1,6
BRDA:325,29,0,19
BRDA:325,29,1,3
BRDA:331,30,0,13
BRDA:331,30,1,6
BRDA:350,31,0,14
BRDA:350,31,1,5
BRF:62
BRH:60
end_of_record
TN:
SF:/Users/Mac/Projects/Nodejs/LamboLlama/Contracts/contracts/Vesting.sol
FN:31,constructor
FN:36,onlyBeforeConfiguratedAndFixed
FN:41,fix
FN:45,withdraw
FN:49,withdrawStuckERC20
FN:59,setVestingSchedule
FN:72,claimTokens
FN:94,getClaimableAmount
FNF:8
FNH:8
FNDA:79,constructor
FNDA:24,onlyBeforeConfiguratedAndFixed
FNDA:4,fix
FNDA:1,withdraw
FNDA:2,withdrawStuckERC20
FNDA:21,setVestingSchedule
FNDA:14,claimTokens
FNDA:3,getClaimableAmount
DA:32,79
DA:33,78
DA:37,24
DA:38,22
DA:42,4
DA:46,1
DA:50,2
DA:51,1
DA:60,21
DA:61,20
DA:62,19
DA:64,18
DA:73,14
DA:75,14
DA:77,13
DA:79,13
DA:80,4
DA:83,13
DA:84,13
DA:86,13
DA:88,12
DA:89,12
DA:91,12
DA:95,3
DA:97,3
DA:98,1
DA:101,2
DA:102,2
DA:103,1
DA:106,2
DA:108,2
LF:31
LH:31
BRDA:32,1,0,1
BRDA:32,1,1,78
BRDA:37,2,0,2
BRDA:37,2,1,22
BRDA:41,3,0,4
BRDA:41,3,1,1
BRDA:45,4,0,2
BRDA:45,4,1,1
BRDA:45,5,0,1
BRDA:45,5,1,1
BRDA:49,6,0,2
BRDA:49,6,1,1
BRDA:50,7,0,1
BRDA:50,7,1,1
BRDA:59,8,0,22
BRDA:59,8,1,1
BRDA:59,9,0,21
BRDA:59,9,1,1
BRDA:60,10,0,1
BRDA:60,10,1,20
BRDA:61,11,0,1
BRDA:61,11,1,19
BRDA:62,12,0,1
BRDA:62,12,1,18
BRDA:75,13,0,1
BRDA:75,13,1,13
BRDA:79,14,0,4
BRDA:79,14,1,9
BRDA:86,15,0,1
BRDA:86,15,1,12
BRDA:97,16,0,1
BRDA:97,16,1,2
BRDA:102,17,0,1
BRDA:102,17,1,1
BRF:34
BRH:34
end_of_record
