TN:
SF:/Users/Mac/Projects/Nodejs/LamboLlama/Contracts/contracts/Airdrop.sol
FN:36,constructor
FN:51,setRecipients
FN:65,claim
FN:87,withdraw
FNF:4
FNH:4
FNDA:7,constructor
FNDA:10,setRecipients
FNDA:7,claim
FNDA:1,withdraw
DA:37,7
DA:38,6
DA:39,5
DA:40,4
DA:42,3
DA:43,3
DA:44,3
DA:45,3
DA:52,10
DA:53,9
DA:54,9
DA:55,16
DA:56,15
DA:57,15
DA:58,15
DA:62,8
DA:66,7
DA:67,6
DA:69,5
DA:70,5
DA:73,4
DA:74,4
DA:77,4
DA:78,4
DA:81,3
DA:82,3
DA:84,3
DA:88,1
LF:28
LH:28
BRDA:37,1,0,1
BRDA:37,1,1,6
BRDA:38,2,0,1
BRDA:38,2,1,5
BRDA:39,3,0,1
BRDA:39,3,1,4
BRDA:40,4,0,1
BRDA:40,4,1,3
BRDA:51,5,0,10
BRDA:51,5,1,1
BRDA:52,6,0,1
BRDA:52,6,1,9
BRDA:55,7,0,1
BRDA:55,7,1,15
BRDA:66,8,0,1
BRDA:66,8,1,6
BRDA:67,9,0,1
BRDA:67,9,1,5
BRDA:70,10,0,1
BRDA:70,10,1,4
BRDA:78,11,0,1
BRDA:78,11,1,3
BRDA:87,12,0,1
BRDA:87,12,1,1
BRF:24
BRH:24
end_of_record
TN:
SF:/Users/Mac/Projects/Nodejs/LamboLlama/Contracts/contracts/LamboLlama.sol
FN:13,constructor
FNF:1
FNH:1
FNDA:6,constructor
DA:14,6
DA:15,6
DA:16,3
LF:3
LH:3
BRDA:15,1,0,3
BRDA:15,1,1,3
BRF:2
BRH:2
end_of_record
TN:
SF:/Users/Mac/Projects/Nodejs/LamboLlama/Contracts/contracts/Presale.sol
FN:66,afterClaimStart
FN:71,constructor
FN:104,depositTokens
FN:111,whitelistAddresses
FN:118,removeWhitelistAddresses
FN:125,contribute
FN:179,claim
FN:210,_vestedBonusTokens
FNF:8
FNH:8
FNDA:10,afterClaimStart
FNDA:129,constructor
FNDA:42,depositTokens
FNDA:9,whitelistAddresses
FNDA:1,removeWhitelistAddresses
FNDA:66,contribute
FNDA:9,claim
FNDA:6,_vestedBonusTokens
DA:67,10
DA:68,9
DA:81,129
DA:82,128
DA:83,127
DA:84,126
DA:85,125
DA:86,124
DA:88,123
DA:89,123
DA:90,123
DA:91,123
DA:92,123
DA:93,123
DA:94,123
DA:95,123
DA:97,123
DA:100,123
DA:101,123
DA:105,42
DA:106,41
DA:107,41
DA:108,41
DA:112,9
DA:113,13
DA:114,13
DA:119,1
DA:120,1
DA:121,1
DA:126,66
DA:130,64
DA:132,12
DA:135,2
DA:138,61
DA:139,61
DA:140,61
DA:142,61
DA:143,157
DA:144,157
DA:146,157
DA:147,58
DA:150,99
DA:152,99
DA:156,99
DA:157,99
DA:158,99
DA:159,99
DA:161,99
DA:162,61
DA:166,61
DA:167,61
DA:169,61
DA:170,61
DA:171,61
DA:173,61
DA:175,61
DA:176,59
DA:180,9
DA:181,9
DA:182,2
DA:184,7
DA:185,5
DA:188,5
DA:190,5
DA:192,5
DA:195,7
DA:196,7
DA:197,6
DA:198,6
DA:200,6
DA:201,4
DA:203,4
DA:205,4
DA:211,6
DA:212,5
DA:214,1
DA:215,1
DA:217,1
DA:218,1
DA:223,13
LF:80
LH:80
BRDA:67,1,0,1
BRDA:67,1,1,9
BRDA:81,2,0,1
BRDA:81,2,1,128
BRDA:82,3,0,1
BRDA:82,3,1,127
BRDA:83,4,0,1
BRDA:83,4,1,126
BRDA:84,5,0,1
BRDA:84,5,1,125
BRDA:85,6,0,1
BRDA:85,6,1,124
BRDA:86,7,0,1
BRDA:86,7,1,123
BRDA:104,8,0,42
BRDA:104,8,1,1
BRDA:105,9,0,1
BRDA:105,9,1,41
BRDA:111,10,0,9
BRDA:111,10,1,1
BRDA:118,11,0,1
BRDA:118,11,1,1
BRDA:125,12,0,66
BRDA:125,12,1,0
BRDA:126,13,0,2
BRDA:126,13,1,64
BRDA:130,14,0,12
BRDA:130,14,1,52
BRDA:132,15,0,1
BRDA:132,15,1,11
BRDA:133,16,0,2
BRDA:133,16,1,50
BRDA:133,17,0,1
BRDA:133,17,1,1
BRDA:146,18,0,58
BRDA:146,18,1,99
BRDA:153,19,0,61
BRDA:153,19,1,38
BRDA:161,20,0,61
BRDA:161,20,1,38
BRDA:176,21,0,0
BRDA:176,21,1,59
BRDA:179,22,0,9
BRDA:179,22,1,1
BRDA:179,23,0,9
BRDA:179,23,1,0
BRDA:181,24,0,2
BRDA:181,24,1,7
BRDA:184,25,0,5
BRDA:184,25,1,2
BRDA:196,26,0,6
BRDA:196,26,1,1
BRDA:200,27,0,4
BRDA:200,27,1,2
BRDA:211,28,0,5
BRDA:211,28,1,1
BRF:56
BRH:53
end_of_record
TN:
SF:/Users/Mac/Projects/Nodejs/LamboLlama/Contracts/contracts/Vesting.sol
FN:31,constructor
FN:36,onlyBeforeConfiguratedAndFixed
FN:41,fix
FN:45,withdraw
FN:49,withdrawStuckERC20
FN:59,setVestingSchedule
FN:72,claimTokens
FN:94,getClaimableAmount
FNF:8
FNH:8
FNDA:79,constructor
FNDA:24,onlyBeforeConfiguratedAndFixed
FNDA:4,fix
FNDA:1,withdraw
FNDA:2,withdrawStuckERC20
FNDA:21,setVestingSchedule
FNDA:14,claimTokens
FNDA:3,getClaimableAmount
DA:32,79
DA:33,78
DA:37,24
DA:38,22
DA:42,4
DA:46,1
DA:50,2
DA:51,1
DA:60,21
DA:61,20
DA:62,19
DA:64,18
DA:73,14
DA:75,14
DA:77,13
DA:79,13
DA:80,4
DA:83,13
DA:84,13
DA:86,13
DA:88,12
DA:89,12
DA:91,12
DA:95,3
DA:97,3
DA:98,1
DA:101,2
DA:102,2
DA:103,1
DA:106,2
DA:108,2
LF:31
LH:31
BRDA:32,1,0,1
BRDA:32,1,1,78
BRDA:37,2,0,2
BRDA:37,2,1,22
BRDA:41,3,0,4
BRDA:41,3,1,1
BRDA:45,4,0,2
BRDA:45,4,1,1
BRDA:45,5,0,1
BRDA:45,5,1,1
BRDA:49,6,0,2
BRDA:49,6,1,1
BRDA:50,7,0,1
BRDA:50,7,1,1
BRDA:59,8,0,22
BRDA:59,8,1,1
BRDA:59,9,0,21
BRDA:59,9,1,1
BRDA:60,10,0,1
BRDA:60,10,1,20
BRDA:61,11,0,1
BRDA:61,11,1,19
BRDA:62,12,0,1
BRDA:62,12,1,18
BRDA:75,13,0,1
BRDA:75,13,1,13
BRDA:79,14,0,4
BRDA:79,14,1,9
BRDA:86,15,0,1
BRDA:86,15,1,12
BRDA:97,16,0,1
BRDA:97,16,1,2
BRDA:102,17,0,1
BRDA:102,17,1,1
BRF:34
BRH:34
end_of_record
